[debug] [2023-04-25T20:06:47.117Z] ----------------------------------------------------------------------
[debug] [2023-04-25T20:06:47.117Z] Command:       /usr/local/bin/node /usr/local/bin/firebase init
[debug] [2023-04-25T20:06:47.118Z] CLI Version:   11.29.0
[debug] [2023-04-25T20:06:47.118Z] Platform:      darwin
[debug] [2023-04-25T20:06:47.118Z] Node Version:  v18.16.0
[debug] [2023-04-25T20:06:47.118Z] Time:          Tue Apr 25 2023 22:06:47 GMT+0200 (Central European Summer Time)
[debug] [2023-04-25T20:06:47.118Z] ----------------------------------------------------------------------
[debug] 
[debug] [2023-04-25T20:06:47.121Z] > command requires scopes: ["email","openid","https://www.googleapis.com/auth/cloudplatformprojects.readonly","https://www.googleapis.com/auth/firebase","https://www.googleapis.com/auth/cloud-platform"]
[debug] [2023-04-25T20:06:47.121Z] > authorizing via signed-in user (dino.jakir.hr@gmail.com)
[info] 
     ######## #### ########  ######## ########     ###     ######  ########
     ##        ##  ##     ## ##       ##     ##  ##   ##  ##       ##
     ######    ##  ########  ######   ########  #########  ######  ######
     ##        ##  ##    ##  ##       ##     ## ##     ##       ## ##
     ##       #### ##     ## ######## ########  ##     ##  ######  ########

You're about to initialize a Firebase project in this directory:

  /Users/dino_jakir/Documents/fitness-app

[info] 
=== Project Setup
[info] 
[info] First, let's associate this project directory with a Firebase project.
[info] You can create multiple project aliases by running firebase use --add, 
[info] but for now we'll just set up a default project.
[info] 
[info] i  If you want to create a project in a Google Cloud organization or folder, please use "firebase projects:create" instead, and return to this command when you've created the project. 
[debug] [2023-04-25T20:07:22.607Z] >>> [apiv2][query] POST https://cloudresourcemanager.googleapis.com/v1/projects [none]
[debug] [2023-04-25T20:07:22.607Z] >>> [apiv2][body] POST https://cloudresourcemanager.googleapis.com/v1/projects {"projectId":"fitness-project","name":"fitness-project"}
[debug] [2023-04-25T20:07:23.549Z] <<< [apiv2][status] POST https://cloudresourcemanager.googleapis.com/v1/projects 409
[debug] [2023-04-25T20:07:23.549Z] <<< [apiv2][body] POST https://cloudresourcemanager.googleapis.com/v1/projects {"error":{"code":409,"message":"Requested entity already exists","status":"ALREADY_EXISTS"}}
[debug] [2023-04-25T20:07:23.627Z] FirebaseError: HTTP Error: 409, Requested entity already exists
    at responseToError (/usr/local/lib/node_modules/firebase-tools/lib/responseToError.js:49:12)
    at RetryOperation._fn (/usr/local/lib/node_modules/firebase-tools/lib/apiv2.js:288:77)
    at process.processTicksAndRejections (node:internal/process/task_queues:95:5)
[error] 
[error] Error: Failed to create project because there is already a project with ID fitness-project. Please try again with a unique project ID.
